{"level":30,"time":"2025-06-10T12:34:36.662Z","pid":129039,"hostname":"mezieiv","name":"telemetry-collector","msg":"Prometheus metrics server started on http://localhost:9464/metrics"}
{"level":30,"time":"2025-06-10T12:35:22.200Z","pid":129039,"hostname":"mezieiv","name":"error-api","traceId":"30055adbd52a3a8f7900fd383c331f20","spanId":"dd866717b9afcb3c","msg":"Processing pageview: /projects/glisten"}
{"level":30,"time":"2025-06-10T12:37:17.600Z","pid":129039,"hostname":"mezieiv","name":"error-api","traceId":"aec1e5c9d465b4c4c5d0f17e07d5ce2c","spanId":"15dca9a5c85f63ac","msg":"Processing pageview: /projects/glisten"}
{"level":30,"time":"2025-06-10T12:37:58.312Z","pid":129039,"hostname":"mezieiv","name":"telemetry-collector","msg":"SIGINT received, shutting down telemetry"}
{"level":30,"time":"2025-06-10T12:37:58.315Z","pid":129039,"hostname":"mezieiv","name":"telemetry-collector","msg":"Shutting down telemetry collector"}
{"level":30,"time":"2025-06-10T12:37:58.323Z","pid":129039,"hostname":"mezieiv","name":"telemetry-collector","msg":"Telemetry collector shut down successfully"}
{"level":20,"time":"2025-06-10T12:41:05.147Z","pid":133884,"hostname":"mezieiv","name":"telemetry-collector","msg":"Final resource attributes"}
{"level":30,"time":"2025-06-10T12:41:05.222Z","pid":133884,"hostname":"mezieiv","name":"telemetry-collector","msg":"OpenTelemetry SDK initialized successfully"}
{"level":30,"time":"2025-06-10T12:41:05.222Z","pid":133884,"hostname":"mezieiv","name":"telemetry-collector","msg":"Prometheus metrics server started on http://localhost:9464/metrics"}
{"level":30,"time":"2025-06-10T12:41:53.164Z","pid":133884,"hostname":"mezieiv","name":"error-api","traceId":"a358db0f81e7c0681f52907bd5f42096","spanId":"626f442f3eabedfb","msg":"Processing pageview: /projects/glisten"}
{"level":30,"time":"2025-06-10T12:44:10.292Z","pid":133884,"hostname":"mezieiv","name":"telemetry-collector","msg":"SIGINT received, shutting down telemetry"}
{"level":30,"time":"2025-06-10T12:44:10.296Z","pid":133884,"hostname":"mezieiv","name":"telemetry-collector","msg":"Shutting down telemetry collector"}
{"level":30,"time":"2025-06-10T12:44:10.305Z","pid":133884,"hostname":"mezieiv","name":"telemetry-collector","msg":"Telemetry collector shut down successfully"}
{"level":20,"time":"2025-06-10T15:44:20.037Z","pid":137932,"hostname":"mezieiv","name":"telemetry-collector","msg":"Final resource attributes"}
{"level":30,"time":"2025-06-10T15:44:20.057Z","pid":137932,"hostname":"mezieiv","name":"telemetry-collector","msg":"OpenTelemetry SDK initialized successfully"}
{"level":30,"time":"2025-06-10T15:44:20.057Z","pid":137932,"hostname":"mezieiv","name":"telemetry-collector","msg":"Prometheus metrics server started on http://localhost:9464/metrics"}
{"level":30,"time":"2025-06-10T15:55:06.693Z","pid":137932,"hostname":"mezieiv","name":"error-api","traceId":"0097603483e14ca18b02f210a2131355","spanId":"b86517dd5f51b095","msg":"Processing pageview: /projects/glisten"}
{"level":30,"time":"2025-06-10T15:55:24.100Z","pid":137932,"hostname":"mezieiv","name":"telemetry-collector","msg":"SIGINT received, shutting down telemetry"}
{"level":30,"time":"2025-06-10T15:55:24.106Z","pid":137932,"hostname":"mezieiv","name":"telemetry-collector","msg":"Shutting down telemetry collector"}
{"level":30,"time":"2025-06-10T15:55:24.119Z","pid":137932,"hostname":"mezieiv","name":"telemetry-collector","msg":"Telemetry collector shut down successfully"}
{"level":20,"time":"2025-06-10T18:13:08.869Z","pid":51269,"hostname":"mezieiv","name":"telemetry-collector","msg":"Final resource attributes"}
{"level":30,"time":"2025-06-10T18:13:08.899Z","pid":51269,"hostname":"mezieiv","name":"telemetry-collector","msg":"OpenTelemetry SDK initialized successfully"}
{"level":30,"time":"2025-06-10T18:13:08.899Z","pid":51269,"hostname":"mezieiv","name":"telemetry-collector","msg":"Prometheus metrics server started on http://localhost:9464/metrics"}
{"level":30,"time":"2025-06-10T18:13:43.547Z","pid":51269,"hostname":"mezieiv","name":"error-api","traceId":"3328b8cb53f12c4f94fc55e849161d1c","spanId":"b6fc02bbe86f5bec","msg":"Processing pageview: /projects/glisten"}
{"level":30,"time":"2025-06-10T18:14:13.414Z","pid":51269,"hostname":"mezieiv","name":"error-api","traceId":"fff67564a64d889313580095217a7f28","spanId":"85e9df90f3e74edb","msg":"Processing pageview: /projects/glisten"}
{"level":30,"time":"2025-06-10T18:14:36.736Z","pid":51269,"hostname":"mezieiv","name":"error-api","traceId":"b3b5e8e67d31c2b5ec5804450d911b39","spanId":"403ce8681fd86aba","msg":"Processing pageview: /projects/glisten"}
{"level":30,"time":"2025-06-10T18:18:49.832Z","pid":51269,"hostname":"mezieiv","name":"error-api","traceId":"100e822ff31db363bc4158be6ae47a4b","spanId":"e93e22095473332d","msg":"Processing pageview: /projects/glisten"}
{"level":30,"time":"2025-06-10T18:24:46.548Z","pid":51269,"hostname":"mezieiv","name":"error-api","traceId":"f3f4b899cb4dfbe11e9fbe4c44d85f22","spanId":"57612fafa165cd75","msg":"Processing pageview: /projects/glisten"}
{"level":30,"time":"2025-06-10T18:24:54.310Z","pid":51269,"hostname":"mezieiv","name":"error-api","traceId":"6dcb0e588cfebf9a6923cb10d8a9167a","spanId":"8a05eebb63a724ce","msg":"Processing pageview: test-errors"}
{"level":30,"time":"2025-06-10T18:24:54.330Z","pid":51269,"hostname":"mezieiv","name":"error-api","traceId":"197e5ee677edc6c1d6752971e0591a83","spanId":"51f7908ab675b257","msg":"Processing pageview: test-errors"}
{"level":50,"time":"2025-06-10T18:26:59.721Z","pid":51269,"hostname":"mezieiv","name":"error-api","traceId":"30c88cb037d361583eada473d8c72da3","spanId":"e0fb659b342625eb","msg":"Client error received"}
{"level":30,"time":"2025-06-10T18:35:27.320Z","pid":51269,"hostname":"mezieiv","name":"error-api","traceId":"a0732c94475338dfa9571e9cef27e602","spanId":"1ab723ae0c97c3a2","msg":"Processing pageview: /projects/glisten"}
{"level":30,"time":"2025-06-10T18:36:08.824Z","pid":51269,"hostname":"mezieiv","name":"error-api","traceId":"4ad785335e3051df487fa4b937f80e43","spanId":"df8eb6334db4e4f2","msg":"Processing pageview: /projects/glisten"}
{"level":30,"time":"2025-06-10T18:42:20.600Z","pid":51269,"hostname":"mezieiv","name":"error-api","traceId":"bfdc4037235f615557ee939607a804e6","spanId":"e002d3d591dab42e","msg":"Processing pageview: test-errors"}
{"level":30,"time":"2025-06-10T18:42:20.624Z","pid":51269,"hostname":"mezieiv","name":"error-api","traceId":"6047907b818f8431e64bc00f5a628a7b","spanId":"f978b9a43190c5da","msg":"Processing pageview: test-errors"}
{"level":30,"time":"2025-06-10T18:45:39.936Z","pid":51269,"hostname":"mezieiv","name":"error-api","traceId":"836f8bb8eb6a7115fb4e3f26836e4526","spanId":"7761b18697871947","msg":"Processing pageview: /projects/glisten"}
{"level":30,"time":"2025-06-10T18:53:35.524Z","pid":51269,"hostname":"mezieiv","name":"error-api","traceId":"e6ee316a410f5881e8dbd89e427503d7","spanId":"1b283e73d1de14d6","msg":"Processing pageview: test-errors"}
{"level":30,"time":"2025-06-10T18:53:35.556Z","pid":51269,"hostname":"mezieiv","name":"error-api","traceId":"ff42601c25547141b845f6c43025e75a","spanId":"01dc485da15a5403","msg":"Processing pageview: test-errors"}
{"level":30,"time":"2025-06-10T18:54:28.829Z","pid":51269,"hostname":"mezieiv","name":"telemetry-collector","msg":"SIGINT received, shutting down telemetry"}
{"level":30,"time":"2025-06-10T18:54:28.848Z","pid":51269,"hostname":"mezieiv","name":"telemetry-collector","msg":"Shutting down telemetry collector"}
{"level":30,"time":"2025-06-10T18:54:28.898Z","pid":51269,"hostname":"mezieiv","name":"telemetry-collector","msg":"Telemetry collector shut down successfully"}
{"level":20,"time":"2025-06-10T19:02:20.760Z","pid":98825,"hostname":"mezieiv","name":"telemetry-collector","msg":"Final resource attributes"}
{"level":30,"time":"2025-06-10T19:02:20.781Z","pid":98825,"hostname":"mezieiv","name":"telemetry-collector","msg":"OpenTelemetry SDK initialized successfully"}
{"level":30,"time":"2025-06-10T19:02:20.781Z","pid":98825,"hostname":"mezieiv","name":"telemetry-collector","msg":"Prometheus metrics server started on http://localhost:9464/metrics"}
{"level":30,"time":"2025-06-10T19:05:12.190Z","pid":98825,"hostname":"mezieiv","name":"error-api","traceId":"830530a223692101fe0a08bc87504cb4","spanId":"f413d7742b167030","msg":"Processing pageview: /projects/glisten"}
{"level":30,"time":"2025-06-10T19:05:34.488Z","pid":98825,"hostname":"mezieiv","name":"error-api","traceId":"291a1f2938a7b53390e1e3024ba069c7","spanId":"f018f908cca781b7","msg":"Processing pageview: /projects/glisten"}
{"level":30,"time":"2025-06-10T19:06:35.253Z","pid":98825,"hostname":"mezieiv","name":"telemetry-collector","msg":"SIGINT received, shutting down telemetry"}
{"level":30,"time":"2025-06-10T19:06:35.257Z","pid":98825,"hostname":"mezieiv","name":"telemetry-collector","msg":"Shutting down telemetry collector"}
{"level":30,"time":"2025-06-10T19:06:35.266Z","pid":98825,"hostname":"mezieiv","name":"telemetry-collector","msg":"Telemetry collector shut down successfully"}
{"level":20,"time":"2025-06-10T19:12:26.315Z","pid":107825,"hostname":"mezieiv","name":"telemetry-collector","msg":"Final resource attributes"}
{"level":30,"time":"2025-06-10T19:12:26.346Z","pid":107825,"hostname":"mezieiv","name":"telemetry-collector","msg":"OpenTelemetry SDK initialized successfully"}
{"level":30,"time":"2025-06-10T19:12:26.346Z","pid":107825,"hostname":"mezieiv","name":"telemetry-collector","msg":"Prometheus metrics server started on http://localhost:9464/metrics"}
{"level":30,"time":"2025-06-10T19:13:14.829Z","pid":107825,"hostname":"mezieiv","name":"telemetry-collector","msg":"SIGINT received, shutting down telemetry"}
{"level":30,"time":"2025-06-10T19:13:14.842Z","pid":107825,"hostname":"mezieiv","name":"telemetry-collector","msg":"Shutting down telemetry collector"}
{"level":20,"time":"2025-06-10T20:01:42.886Z","pid":153631,"hostname":"mezieiv","name":"telemetry-collector","msg":"Final resource attributes"}
{"level":30,"time":"2025-06-10T20:01:42.917Z","pid":153631,"hostname":"mezieiv","name":"telemetry-collector","msg":"OpenTelemetry SDK initialized successfully"}
{"level":30,"time":"2025-06-10T20:01:42.917Z","pid":153631,"hostname":"mezieiv","name":"telemetry-collector","msg":"Prometheus metrics server started on http://localhost:9464/metrics"}
{"level":30,"time":"2025-06-10T20:05:09.767Z","pid":153631,"hostname":"mezieiv","name":"telemetry-collector","msg":"SIGINT received, shutting down telemetry"}
{"level":30,"time":"2025-06-10T20:05:09.772Z","pid":153631,"hostname":"mezieiv","name":"telemetry-collector","msg":"Shutting down telemetry collector"}
{"level":30,"time":"2025-06-10T20:05:09.781Z","pid":153631,"hostname":"mezieiv","name":"telemetry-collector","msg":"Telemetry collector shut down successfully"}
{"level":20,"time":"2025-06-10T20:39:47.096Z","pid":193198,"hostname":"mezieiv","name":"telemetry-collector","msg":"Resource attributes"}
{"level":30,"time":"2025-06-10T20:39:47.123Z","pid":193198,"hostname":"mezieiv","name":"telemetry-collector","msg":"OpenTelemetry SDK initialized on http://localhost:9464/metrics"}
{"level":30,"time":"2025-06-10T20:40:22.156Z","pid":193198,"hostname":"mezieiv","name":"telemetry-collector","msg":"Received termination signal, shutting down telemetry"}
{"level":20,"time":"2025-06-10T20:40:54.035Z","pid":194405,"hostname":"mezieiv","name":"telemetry-collector","msg":"Resource attributes"}
{"level":30,"time":"2025-06-10T20:40:54.065Z","pid":194405,"hostname":"mezieiv","name":"telemetry-collector","msg":"OpenTelemetry SDK initialized on http://localhost:9464/metrics"}
{"level":30,"time":"2025-06-10T20:42:31.620Z","pid":194405,"hostname":"mezieiv","name":"telemetry-collector","msg":"Received termination signal, shutting down telemetry"}
{"level":20,"time":"2025-06-10T21:33:59.980Z","pid":241872,"hostname":"mezieiv","name":"telemetry-collector","msg":"Resource attributes"}
{"level":30,"time":"2025-06-10T21:34:00.019Z","pid":241872,"hostname":"mezieiv","name":"telemetry-collector","msg":"OpenTelemetry SDK initialized on http://localhost:9464/metrics"}
{"level":20,"time":"2025-06-10T21:35:12.655Z","pid":243121,"hostname":"mezieiv","name":"telemetry-collector","msg":"Final resource attributes"}
{"level":30,"time":"2025-06-10T21:35:12.696Z","pid":243121,"hostname":"mezieiv","name":"telemetry-collector","msg":"OpenTelemetry SDK initialized successfully"}
{"level":30,"time":"2025-06-10T21:35:12.696Z","pid":243121,"hostname":"mezieiv","name":"telemetry-collector","msg":"Prometheus metrics server started on http://localhost:9464/metrics"}
{"level":30,"time":"2025-06-10T21:35:53.526Z","pid":243121,"hostname":"mezieiv","name":"telemetry-collector","msg":"SIGINT received, shutting down telemetry"}
{"level":30,"time":"2025-06-10T21:35:53.534Z","pid":243121,"hostname":"mezieiv","name":"telemetry-collector","msg":"Shutting down telemetry collector"}
{"level":30,"time":"2025-06-10T21:35:53.547Z","pid":243121,"hostname":"mezieiv","name":"telemetry-collector","msg":"Telemetry collector shut down successfully"}
{"level":20,"time":"2025-06-10T23:33:52.688Z","pid":37631,"hostname":"mezieiv","name":"telemetry-collector","msg":"Resource attributes"}
{"level":30,"time":"2025-06-10T23:33:52.713Z","pid":37631,"hostname":"mezieiv","name":"telemetry-collector","msg":"OpenTelemetry SDK initialized on http://localhost:9464/metrics"}
{"level":30,"time":"2025-06-10T23:34:14.705Z","pid":37631,"hostname":"mezieiv","name":"error-api","traceId":"21c911f01d2a6c595ad290ccf8695b7f","spanId":"fb512ef0ced15171","msg":"Processing pageview: /projects/glisten"}
{"level":30,"time":"2025-06-10T23:39:11.304Z","pid":37631,"hostname":"mezieiv","name":"error-api","traceId":"3c8d6503d32cd694a896068e6df4b02c","spanId":"a2ebc52a91f4318d","msg":"Processing pageview: test-errors"}
{"level":30,"time":"2025-06-10T23:39:11.328Z","pid":37631,"hostname":"mezieiv","name":"error-api","traceId":"0cfda044a406be163310db37922b880a","spanId":"6575b6628cfe1319","msg":"Processing pageview: test-errors"}
{"level":30,"time":"2025-06-10T23:46:45.753Z","pid":37631,"hostname":"mezieiv","name":"error-api","traceId":"b33dcf14165ae4c9264f830694059548","spanId":"ad984bd006b87695","msg":"Processing pageview: test-errors"}
{"level":30,"time":"2025-06-10T23:46:45.796Z","pid":37631,"hostname":"mezieiv","name":"error-api","traceId":"231facf7ef44f8d6b32188feb76bd1d6","spanId":"17b616fcbb4ac94f","msg":"Processing pageview: test-errors"}
{"level":30,"time":"2025-06-10T23:48:33.111Z","pid":37631,"hostname":"mezieiv","name":"error-api","traceId":"e3737000715562a3c6a3daa96ecdfdb2","spanId":"9fd34b48f3d54968","msg":"Processing pageview: test-errors"}
{"level":30,"time":"2025-06-10T23:48:33.142Z","pid":37631,"hostname":"mezieiv","name":"error-api","traceId":"ccb70a5942f06987428015991efc363d","spanId":"5facc61e129a63ff","msg":"Processing pageview: test-errors"}
{"level":30,"time":"2025-06-10T23:51:42.662Z","pid":37631,"hostname":"mezieiv","name":"error-api","traceId":"531c99d41e931e0720763adbc9b36bee","spanId":"3f9f1854938699fd","msg":"Processing pageview: test-errors"}
{"level":30,"time":"2025-06-10T23:51:42.714Z","pid":37631,"hostname":"mezieiv","name":"error-api","traceId":"2e450734d4af9760cf80066a4301c0b0","spanId":"72a3eb01028895db","msg":"Processing pageview: test-errors"}
{"level":30,"time":"2025-06-10T23:52:55.056Z","pid":37631,"hostname":"mezieiv","name":"error-api","traceId":"c618c34a0cf4008efa71ba614ef18170","spanId":"06acad7357114e50","msg":"Processing pageview: /projects/glisten"}
{"level":30,"time":"2025-06-10T23:53:02.697Z","pid":37631,"hostname":"mezieiv","name":"error-api","traceId":"e21644d1321bff694cc22139c6d07f70","spanId":"0e033616e8b7c069","msg":"Processing pageview: test-errors"}
{"level":30,"time":"2025-06-10T23:53:03.193Z","pid":37631,"hostname":"mezieiv","name":"error-api","traceId":"19e5db5717b35af0650b40d60f63e4fb","spanId":"ea2ca74bb4d5dd45","msg":"Processing pageview: test-errors"}
{"level":30,"time":"2025-06-10T23:53:05.321Z","pid":37631,"hostname":"mezieiv","name":"telemetry-collector","msg":"Received termination signal, shutting down telemetry"}
{"level":20,"time":"2025-06-11T00:06:06.582Z","pid":68893,"hostname":"mezieiv","name":"telemetry-collector","traceId":"","spanId":"","msg":"Final resource attributes"}
{"level":30,"time":"2025-06-11T00:06:06.630Z","pid":68893,"hostname":"mezieiv","name":"telemetry-collector","traceId":"","spanId":"","msg":"OpenTelemetry SDK initialized successfully"}
{"level":30,"time":"2025-06-11T00:06:55.854Z","pid":68893,"hostname":"mezieiv","name":"error-api","traceId":"52d16ccf9e2f7bb63cadebe0dd7c02ff","spanId":"ac23a9f621f947f8","msg":"Processing pageview: /projects/glisten"}
{"level":30,"time":"2025-06-11T00:06:55.919Z","pid":68893,"hostname":"mezieiv","name":"error-api","traceId":"db26a3c714f4006abd471ee5f3e238b4","spanId":"366a45d12dfbfef6","msg":"Processing pageview: test-errors"}
{"level":30,"time":"2025-06-11T00:07:46.404Z","pid":68893,"hostname":"mezieiv","name":"error-api","traceId":"0bca3c880bba37763466a26852c62eda","spanId":"73163012480bdcac","msg":"Processing pageview: test-errors"}
{"level":30,"time":"2025-06-11T00:07:46.436Z","pid":68893,"hostname":"mezieiv","name":"error-api","traceId":"8cd431932c26d3626b834f96d27ad52b","spanId":"b415f0405177d314","msg":"Processing pageview: test-errors"}
{"level":30,"time":"2025-06-11T00:07:53.815Z","pid":68893,"hostname":"mezieiv","name":"telemetry-collector","traceId":"","spanId":"","msg":"Received termination signal, shutting down telemetry"}
{"level":30,"time":"2025-06-11T00:07:53.820Z","pid":68893,"hostname":"mezieiv","name":"telemetry-collector","traceId":"","spanId":"","msg":"Shutting down telemetry collector"}
{"level":20,"time":"2025-06-11T00:15:46.379Z","pid":78672,"hostname":"mezieiv","name":"telemetry-collector","traceId":"","spanId":"","msg":"Resource attributes"}
{"level":30,"time":"2025-06-11T00:15:46.409Z","pid":78672,"hostname":"mezieiv","name":"telemetry-collector","traceId":"","spanId":"","msg":"OpenTelemetry SDK initialized on http://localhost:9464/metrics"}
{"level":30,"time":"2025-06-11T00:16:56.528Z","pid":78672,"hostname":"mezieiv","name":"telemetry-collector","traceId":"","spanId":"","msg":"Received termination signal, shutting down telemetry"}
{"level":20,"time":"2025-06-11T00:19:20.161Z","pid":81753,"hostname":"mezieiv","name":"telemetry-collector","msg":"Resource attributes"}
{"level":30,"time":"2025-06-11T00:19:20.196Z","pid":81753,"hostname":"mezieiv","name":"telemetry-collector","msg":"OpenTelemetry SDK initialized on http://localhost:9464/metrics"}
{"level":20,"time":"2025-06-11T00:41:43.017Z","pid":13304,"hostname":"mezieiv","name":"telemetry-collector","msg":"Resource attributes"}
{"level":30,"time":"2025-06-11T00:41:43.035Z","pid":13304,"hostname":"mezieiv","name":"telemetry-collector","msg":"OpenTelemetry SDK initialized on http://localhost:9464/metrics"}
{"level":30,"time":"2025-06-11T00:48:29.466Z","pid":13304,"hostname":"mezieiv","name":"error-api","traceId":"e2e64469a1ea0a2c026dce8249f673d4","spanId":"cbcafad2490182a6","msg":"Processing pageview: /projects/glisten"}
{"level":30,"time":"2025-06-11T00:54:36.364Z","pid":13304,"hostname":"mezieiv","name":"error-api","traceId":"57172f460d8ae7b77f76ae4b5f55145b","spanId":"e849c5a10c987f3f","msg":"Processing pageview: /projects/glisten"}
{"level":30,"time":"2025-06-11T01:00:30.123Z","pid":13304,"hostname":"mezieiv","name":"error-api","traceId":"c0c93bb5559416df16ee6107d63f872a","spanId":"cf1f80ae761ab80a","msg":"Processing pageview: /projects/glisten"}
{"level":30,"time":"2025-06-11T01:03:22.507Z","pid":13304,"hostname":"mezieiv","name":"error-api","traceId":"2f8c60596a51f4189e79dfb7ac0cd0b0","spanId":"5afa758446e7dcf9","msg":"Processing pageview: /projects/nextjs-tutorial"}
{"level":30,"time":"2025-06-11T01:14:35.184Z","pid":13304,"hostname":"mezieiv","name":"error-api","traceId":"65cbfa6c79b1e36ae05aa3f86160f7f1","spanId":"3464ceefe07607e7","msg":"Processing pageview: /projects/nextjs-tutorial"}
{"level":50,"time":"2025-06-11T01:18:05.926Z","pid":13304,"hostname":"mezieiv","name":"error-api","traceId":"b62290d148fb1e8a57834752a92a4b6c","spanId":"d9fd6e4eb5e89941","msg":"Client error received"}
{"level":50,"time":"2025-06-11T01:18:21.296Z","pid":13304,"hostname":"mezieiv","name":"error-api","traceId":"6969daec559c75d1eb30a1af51ab2fde","spanId":"b245009feef73b93","msg":"Client error received"}
{"level":50,"time":"2025-06-11T01:18:21.328Z","pid":13304,"hostname":"mezieiv","name":"error-api","traceId":"0c82526a7bba2b0bca163f7a28719333","spanId":"31e96be4a184584b","msg":"Client error received"}
{"level":50,"time":"2025-06-11T01:18:21.365Z","pid":13304,"hostname":"mezieiv","name":"error-api","traceId":"30dd6432fdb5e52161bceb5934888951","spanId":"c52e6e379967788e","msg":"Client error received"}
{"level":50,"time":"2025-06-11T01:18:21.368Z","pid":13304,"hostname":"mezieiv","name":"error-api","traceId":"2ccf6bcc9302f9ad7e2bbf832f856785","spanId":"573e4165c8a0981d","msg":"Client error received"}
{"level":50,"time":"2025-06-11T01:18:21.389Z","pid":13304,"hostname":"mezieiv","name":"error-api","traceId":"2430ada8b439bea8e04230e0896e97ba","spanId":"ac935f2f662c6757","msg":"Client error received"}
{"level":50,"time":"2025-06-11T01:18:21.451Z","pid":13304,"hostname":"mezieiv","name":"error-api","traceId":"223cbad063f7bc45b74f4dedbc5e10d1","spanId":"c18c2ff05cbeaa2d","msg":"Client error received"}
{"level":50,"time":"2025-06-11T01:18:21.470Z","pid":13304,"hostname":"mezieiv","name":"error-api","traceId":"fd79ff5aa7c42367b533b5df9620c909","spanId":"f80dd0153bdf9406","msg":"Client error received"}
{"level":30,"time":"2025-06-11T01:18:41.084Z","pid":13304,"hostname":"mezieiv","name":"error-api","traceId":"5e9a465467d646131f82a44d381b3680","spanId":"8bf6788d5b54db9b","msg":"Processing pageview: /projects/nextjs-tutorial"}
{"level":30,"time":"2025-06-11T01:19:01.418Z","pid":13304,"hostname":"mezieiv","name":"error-api","traceId":"e253965c36fcdd0a9ca762902b3ba902","spanId":"6b1a37eb9d1900b0","msg":"Processing pageview: /projects/nextjs-tutorial"}
{"level":50,"time":"2025-06-11T01:27:35.332Z","pid":13304,"hostname":"mezieiv","name":"error-api","traceId":"554ba180ddb19b5fdd4064ab91271b23","spanId":"e019b1ca88048b31","msg":"Client error received"}
{"level":50,"time":"2025-06-11T01:27:43.807Z","pid":13304,"hostname":"mezieiv","name":"error-api","traceId":"91f4c3eddd87c0f00951f88a9d9ea692","spanId":"44230712222fe910","msg":"Client error received"}
{"level":50,"time":"2025-06-11T01:28:04.723Z","pid":13304,"hostname":"mezieiv","name":"error-api","traceId":"edddaefd278cf1f6597c5b268d4a37e7","spanId":"33cd6533d3c30419","msg":"Client error received"}
{"level":50,"time":"2025-06-11T01:28:28.905Z","pid":13304,"hostname":"mezieiv","name":"error-api","traceId":"0845d28bd98cf8ca6fa7857cf270a288","spanId":"734beba8cc43cfcd","msg":"Client error received"}
{"level":50,"time":"2025-06-11T01:28:32.186Z","pid":13304,"hostname":"mezieiv","name":"error-api","traceId":"178b6b8ac7708166caa7ea34eb0d31cd","spanId":"9b0221fd4919119d","msg":"Client error received"}
{"level":50,"time":"2025-06-11T01:28:50.453Z","pid":13304,"hostname":"mezieiv","name":"error-api","traceId":"972cddd935e9b51861840d86805d61a8","spanId":"5c11b5a48c2f6624","msg":"Client error received"}
{"level":50,"time":"2025-06-11T01:29:07.923Z","pid":13304,"hostname":"mezieiv","name":"error-api","traceId":"ad5fec507fabf9a3049b2baceaadd523","spanId":"b6305c9f6fc5960b","msg":"Client error received"}
{"level":50,"time":"2025-06-11T01:29:08.870Z","pid":13304,"hostname":"mezieiv","name":"error-api","traceId":"6b6d09fc4739997ea3e29d1fae1e5c95","spanId":"bc7cd7bfea1d4cd4","msg":"Client error received"}
{"level":50,"time":"2025-06-11T01:29:14.050Z","pid":13304,"hostname":"mezieiv","name":"error-api","traceId":"31592701fb504cc0780fef6416d3352b","spanId":"a2d5302ba0c2cd93","msg":"Client error received"}
{"level":50,"time":"2025-06-11T01:29:18.508Z","pid":13304,"hostname":"mezieiv","name":"error-api","traceId":"d622699f9da1fe3e913399b539c04a6a","spanId":"f0e0bebf60764a4c","msg":"Client error received"}
{"level":30,"time":"2025-06-11T01:29:41.977Z","pid":13304,"hostname":"mezieiv","name":"error-api","traceId":"54dca83c05cd735d0a828ab74e46ae82","spanId":"60cf6aee23337af8","msg":"Processing pageview: /projects/nextjs-tutorial"}
{"level":30,"time":"2025-06-11T01:29:55.951Z","pid":13304,"hostname":"mezieiv","name":"error-api","traceId":"9f7a49ab32e142c1e43fce93a109f2ef","spanId":"7e6df2300160fef6","msg":"Processing pageview: /projects/nextjs-tutorial"}
{"level":30,"time":"2025-06-11T01:39:42.003Z","pid":13304,"hostname":"mezieiv","name":"error-api","traceId":"bfe5734abf763f9ef6504dedab86cfc5","spanId":"78166c161676b666","msg":"Processing pageview: /projects/nextjs-tutorial"}
{"level":30,"time":"2025-06-11T01:39:48.048Z","pid":13304,"hostname":"mezieiv","name":"error-api","traceId":"8d12af1870bbde883da76b804bfa2a0d","spanId":"0b8f9c7dc497caf1","msg":"Processing pageview: /projects/nextjs-tutorial"}
{"level":30,"time":"2025-06-11T01:41:36.075Z","pid":13304,"hostname":"mezieiv","name":"error-api","traceId":"ddaa8f8f474934e482da7e307d076771","spanId":"2b443625e07154a7","msg":"Processing pageview: /projects/nextjs-tutorial"}
{"level":30,"time":"2025-06-11T01:42:17.193Z","pid":13304,"hostname":"mezieiv","name":"error-api","traceId":"3efb5822ff3a2fb36a4b1557a6ac6067","spanId":"86e699a3926c047f","msg":"Processing pageview: /projects/nextjs-tutorial"}
{"level":30,"time":"2025-06-11T01:50:51.952Z","pid":13304,"hostname":"mezieiv","name":"error-api","traceId":"e705a795813015bf5e1aa6707295975b","spanId":"eaffa2f4416203c6","msg":"Processing pageview: /projects/glisten"}
{"level":30,"time":"2025-06-11T01:50:57.863Z","pid":13304,"hostname":"mezieiv","name":"error-api","traceId":"b184c59e06ecda057b56f5988c3c27e3","spanId":"fbb7aad31c4b95d4","msg":"Processing pageview: test-errors"}
{"level":30,"time":"2025-06-11T01:50:57.874Z","pid":13304,"hostname":"mezieiv","name":"error-api","traceId":"6d15061ac4d05d2dba9e2826b4bbcd95","spanId":"4084b8e8c5f948a0","msg":"Processing pageview: test-errors"}
{"level":30,"time":"2025-06-11T01:54:55.704Z","pid":13304,"hostname":"mezieiv","name":"error-api","traceId":"1590ca2ea2503b6c59583ddd234433b0","spanId":"02dd75d81263c8b9","msg":"Processing pageview: /projects/glisten"}
{"level":30,"time":"2025-06-11T01:55:37.686Z","pid":13304,"hostname":"mezieiv","name":"error-api","traceId":"62976028a5ffde2e001a178e17c25f64","spanId":"35374b1eca47d00e","msg":"Processing pageview: /projects/glisten"}
{"level":30,"time":"2025-06-11T01:57:51.199Z","pid":13304,"hostname":"mezieiv","name":"error-api","traceId":"cb4c496d587e8c8fe72082e897f74051","spanId":"c96df34c1322572a","msg":"Processing pageview: /projects/test-project"}
{"level":30,"time":"2025-06-11T02:27:15.639Z","pid":13304,"hostname":"mezieiv","name":"error-api","traceId":"98020c8134ee2f62386bd52959b922aa","spanId":"294150e206d6e0c6","msg":"Processing pageview: /projects/nextjs-tutorial"}
{"level":30,"time":"2025-06-11T02:28:19.688Z","pid":13304,"hostname":"mezieiv","name":"error-api","traceId":"ac0b4c01d2a658b6cd9401662a02526a","spanId":"e1590d4df958f3f8","msg":"Processing pageview: /projects/nextjs-tutorial"}
{"level":30,"time":"2025-06-11T02:33:53.777Z","pid":13304,"hostname":"mezieiv","name":"error-api","traceId":"bccfd0d095ed419b660b5e9eabbf34b0","spanId":"ca9b2a51e3f32e1f","msg":"Processing pageview: /projects/glisten"}
{"level":30,"time":"2025-06-11T02:37:08.899Z","pid":13304,"hostname":"mezieiv","name":"error-api","traceId":"0293fc965b5780ea7bcb48443f9a1a3e","spanId":"aac5e4b44d869bcc","msg":"Processing pageview: /projects/glisten"}
{"level":30,"time":"2025-06-11T02:37:56.699Z","pid":13304,"hostname":"mezieiv","name":"error-api","traceId":"7a5fd1db452d18bca7d745311841adf5","spanId":"499cd86eaa2dca7e","msg":"Processing pageview: /projects/glisten"}
{"level":30,"time":"2025-06-11T02:41:13.159Z","pid":13304,"hostname":"mezieiv","name":"error-api","traceId":"f8311e1d577741b8a497741761a72124","spanId":"60a4f1ca3cfdd85c","msg":"Processing pageview: /projects/glisten"}
{"level":30,"time":"2025-06-11T02:43:27.940Z","pid":13304,"hostname":"mezieiv","name":"error-api","traceId":"3a349bc7f0f2a3b640de6714d4bf62c9","spanId":"54a4190e37b3c517","msg":"Processing pageview: /projects/glisten"}
{"level":30,"time":"2025-06-11T02:53:51.995Z","pid":13304,"hostname":"mezieiv","name":"error-api","traceId":"87cc627886fdb4e5d82cd3b2b962ebcf","spanId":"fe69e3fd3f5d35ff","msg":"Processing pageview: /projects/glisten"}
{"level":30,"time":"2025-06-11T02:56:37.716Z","pid":13304,"hostname":"mezieiv","name":"error-api","traceId":"4fd566436660872b45a94ed80ecbbe5a","spanId":"dd6c40e6fe4b94dc","msg":"Processing pageview: /projects/nextjs-tutorial"}
{"level":30,"time":"2025-06-11T03:07:41.659Z","pid":13304,"hostname":"mezieiv","name":"error-api","traceId":"80740a112079a81a7de07fbb8d0ce5a1","spanId":"6e06d70e7cd06951","msg":"Processing pageview: /projects/nextjs-tutorial"}
{"level":30,"time":"2025-06-11T03:09:19.748Z","pid":13304,"hostname":"mezieiv","name":"error-api","traceId":"25f0dd7d2e81bd1930d1dc779aa96309","spanId":"81361cfe2bc6c1f7","msg":"Processing pageview: /projects/nextjs-tutorial"}
{"level":30,"time":"2025-06-11T03:12:18.360Z","pid":13304,"hostname":"mezieiv","name":"error-api","traceId":"6eee7ae57efaa71f3b074856d2a3252e","spanId":"6c7ae53a1f56f0d4","msg":"Processing pageview: /projects/nextjs-tutorial"}
{"level":30,"time":"2025-06-11T03:14:09.349Z","pid":13304,"hostname":"mezieiv","name":"error-api","traceId":"f9bad5e83c4f8d4d677cf54594175d9e","spanId":"49fcaa827df1a2fb","msg":"Processing pageview: /projects/nextjs-tutorial"}
{"level":30,"time":"2025-06-11T03:24:36.916Z","pid":13304,"hostname":"mezieiv","name":"error-api","traceId":"00e047d8e97a078a8b4282c5f3fe0723","spanId":"21dc2419ea268bc7","msg":"Processing pageview: /projects/nextjs-tutorial"}
{"level":30,"time":"2025-06-11T03:25:28.243Z","pid":13304,"hostname":"mezieiv","name":"error-api","traceId":"10377c06fd94fe7cd0e1e87adfe5b1e5","spanId":"2ef5ab22c61e5aec","msg":"Processing pageview: /projects/nextjs-tutorial"}
{"level":30,"time":"2025-06-11T03:26:07.323Z","pid":13304,"hostname":"mezieiv","name":"error-api","traceId":"02a99ccc46c0d6213fda46f762ea7237","spanId":"3bb3d444c0649ea5","msg":"Processing pageview: /projects/nextjs-tutorial"}
{"level":30,"time":"2025-06-11T03:27:08.765Z","pid":13304,"hostname":"mezieiv","name":"error-api","traceId":"01dd36afc3d14c0a5fc48f3bdeebd685","spanId":"5394b6cd68e99521","msg":"Processing pageview: /projects/nextjs-tutorial"}
{"level":30,"time":"2025-06-11T03:27:31.931Z","pid":13304,"hostname":"mezieiv","name":"error-api","traceId":"db4a7985724efb71b5dc9a39256451c5","spanId":"6ef9c92c29df2113","msg":"Processing pageview: /projects/nextjs-tutorial"}
{"level":30,"time":"2025-06-11T03:49:01.197Z","pid":13304,"hostname":"mezieiv","name":"error-api","traceId":"1885ad60d381d81c533c473035a6136a","spanId":"d0be94aaf741738e","msg":"Processing pageview: /projects/nextjs-tutorial"}
{"level":30,"time":"2025-06-11T03:50:30.196Z","pid":13304,"hostname":"mezieiv","name":"error-api","traceId":"cb068de5daa59815978b250c8ba4878d","spanId":"b88289d5b5b18096","msg":"Processing pageview: /projects/nextjs-tutorial"}
{"level":30,"time":"2025-06-11T04:06:25.275Z","pid":13304,"hostname":"mezieiv","name":"error-api","traceId":"34d1e75009188629b521b711e8f14aa9","spanId":"a6f21fad6297fef2","msg":"Processing pageview: /projects/nextjs-tutorial"}
{"level":30,"time":"2025-06-11T04:16:29.287Z","pid":13304,"hostname":"mezieiv","name":"error-api","traceId":"8f126ca3cfefe4edd6b9ab2cc6a665bf","spanId":"921f776274b98b9c","msg":"Processing pageview: /projects/nextjs-tutorial"}
{"level":30,"time":"2025-06-11T04:19:16.536Z","pid":13304,"hostname":"mezieiv","name":"error-api","traceId":"51d5ff7ad7ba6932add4924b3bb9c306","spanId":"fe5622c84a23989e","msg":"Processing pageview: /projects/nextjs-tutorial"}
{"level":30,"time":"2025-06-11T04:22:42.535Z","pid":13304,"hostname":"mezieiv","name":"telemetry-collector","msg":"Received termination signal, shutting down telemetry"}
{"level":20,"time":"2025-06-11T04:40:20.025Z","pid":332918,"hostname":"mezieiv","name":"telemetry-collector","msg":"Resource attributes"}
{"level":30,"time":"2025-06-11T04:40:20.045Z","pid":332918,"hostname":"mezieiv","name":"telemetry-collector","msg":"OpenTelemetry SDK initialized on http://localhost:9464/metrics"}
{"level":30,"time":"2025-06-11T04:40:30.698Z","pid":332918,"hostname":"mezieiv","name":"error-api","traceId":"de3e99271cbbbcef55e01f2e09a66881","spanId":"c5a91a326f35d247","msg":"Processing pageview: /projects/nextjs-tutorial"}
{"level":30,"time":"2025-06-11T04:52:08.693Z","pid":332918,"hostname":"mezieiv","name":"error-api","traceId":"6e12b27fce06a8250456a148a5833adf","spanId":"55cfb728038def0a","msg":"Processing pageview: /projects/nextjs-tutorial"}
{"level":30,"time":"2025-06-11T04:53:37.861Z","pid":332918,"hostname":"mezieiv","name":"error-api","traceId":"a3eb27ad02643fb00a11eb57a6f39b5d","spanId":"15604b86fb813990","msg":"Processing pageview: /projects/nextjs-tutorial"}
{"level":30,"time":"2025-06-11T05:06:25.710Z","pid":332918,"hostname":"mezieiv","name":"error-api","traceId":"6e14332020950fb9efa227422cf6cbc7","spanId":"2bfcea4fb2fb2042","msg":"Processing pageview: test-errors"}
{"level":30,"time":"2025-06-11T05:06:25.721Z","pid":332918,"hostname":"mezieiv","name":"error-api","traceId":"866ebe2e27d02d5c52bda1e6b4454f82","spanId":"66e9e72207aa6e39","msg":"Processing pageview: test-errors"}
{"level":30,"time":"2025-06-11T05:06:31.541Z","pid":332918,"hostname":"mezieiv","name":"error-api","traceId":"9487b55fde354eb553e36c32f629e8f7","spanId":"1491e326017c5e20","msg":"Processing pageview: /projects/nextjs-tutorial"}
{"level":30,"time":"2025-06-11T05:06:53.562Z","pid":332918,"hostname":"mezieiv","name":"error-api","traceId":"5fb686862bf2623b88c2b5f96d7bc19c","spanId":"4419cc19d28301bd","msg":"Processing pageview: /projects/glisten"}
{"level":30,"time":"2025-06-11T05:07:18.376Z","pid":332918,"hostname":"mezieiv","name":"error-api","traceId":"d6e7ee329f192b65cbdf23045c44dc11","spanId":"7bc5f10a367ea914","msg":"Processing pageview: /projects/glisten"}
{"level":30,"time":"2025-06-11T05:10:45.067Z","pid":332918,"hostname":"mezieiv","name":"error-api","traceId":"db8a10edac3b72ddad8debb4f3a039e4","spanId":"526cfc730df58173","msg":"Processing pageview: /projects/glisten"}
{"level":30,"time":"2025-06-11T05:12:42.036Z","pid":332918,"hostname":"mezieiv","name":"error-api","traceId":"518cd1c7f02a43992619bd0fd2418c08","spanId":"ea32d9808c94b68f","msg":"Processing pageview: /projects/glisten"}
{"level":30,"time":"2025-06-11T05:21:24.890Z","pid":332918,"hostname":"mezieiv","name":"telemetry-collector","msg":"Received termination signal, shutting down telemetry"}
{"level":20,"time":"2025-06-11T06:09:49.879Z","pid":434684,"hostname":"mezieiv","name":"telemetry-collector","msg":"Resource attributes"}
{"level":30,"time":"2025-06-11T06:09:49.910Z","pid":434684,"hostname":"mezieiv","name":"telemetry-collector","msg":"OpenTelemetry SDK initialized on http://localhost:9464/metrics"}
{"level":30,"time":"2025-06-11T06:10:05.988Z","pid":434684,"hostname":"mezieiv","name":"error-api","traceId":"b7e2c509eeccce5106bf86bfb2ce56b5","spanId":"474b9f1a1361de7d","msg":"Processing pageview: /projects/glisten"}
{"level":30,"time":"2025-06-11T06:11:03.395Z","pid":434684,"hostname":"mezieiv","name":"error-api","traceId":"fcafefe25f862ea37dbcebbd14ffd66d","spanId":"8d9e51b84bf55e52","msg":"Processing pageview: /projects/glisten"}
{"level":30,"time":"2025-06-11T06:11:18.482Z","pid":434684,"hostname":"mezieiv","name":"telemetry-collector","msg":"Received termination signal, shutting down telemetry"}
{"level":20,"time":"2025-06-11T11:30:27.510Z","pid":479405,"hostname":"mezieiv","name":"telemetry-collector","msg":"Resource attributes"}
{"level":30,"time":"2025-06-11T11:30:27.538Z","pid":479405,"hostname":"mezieiv","name":"telemetry-collector","msg":"OpenTelemetry SDK initialized on http://localhost:9464/metrics"}
{"level":30,"time":"2025-06-11T11:30:39.385Z","pid":479405,"hostname":"mezieiv","name":"error-api","traceId":"90550875b0e0c6dd913ce3632cb38a1a","spanId":"8cdf0f78ceec63d8","msg":"Processing pageview: /projects/glisten"}
{"level":30,"time":"2025-06-11T11:32:04.451Z","pid":479405,"hostname":"mezieiv","name":"error-api","traceId":"6fa18b281dbfafa80cbf9afd2d0dea78","spanId":"b3234db1ab991277","msg":"Processing pageview: /projects/glisten"}
{"level":30,"time":"2025-06-11T11:32:33.449Z","pid":479405,"hostname":"mezieiv","name":"error-api","traceId":"34378cdd128edc8dfdb20fb6ed56f204","spanId":"fa1add73f9c91af6","msg":"Processing pageview: /projects/glisten"}
{"level":30,"time":"2025-06-11T11:38:23.318Z","pid":479405,"hostname":"mezieiv","name":"error-api","traceId":"11d8e55533274605e79f178a118e7b8a","spanId":"5cdf51e627c6361e","msg":"Processing pageview: /projects/glisten"}
{"level":30,"time":"2025-06-11T11:40:22.364Z","pid":479405,"hostname":"mezieiv","name":"error-api","traceId":"6b39dba528551a8b72cdb4630cadd0ac","spanId":"0919e7bfe73ecf4e","msg":"Processing pageview: /projects/glisten"}
{"level":30,"time":"2025-06-11T11:41:18.733Z","pid":479405,"hostname":"mezieiv","name":"error-api","traceId":"1256982ab976e67f4a1de5c232669382","spanId":"3bb45f0797429850","msg":"Processing pageview: /projects/glisten"}
{"level":30,"time":"2025-06-11T11:57:26.866Z","pid":479405,"hostname":"mezieiv","name":"error-api","traceId":"8eec2ee18afa4ac3fdfcc7f3df84cf51","spanId":"6a939196a76e5505","msg":"Processing pageview: /projects/glisten"}
{"level":30,"time":"2025-06-11T11:57:58.528Z","pid":479405,"hostname":"mezieiv","name":"error-api","traceId":"26e40c001eea5b2c9c050d486b4a43d3","spanId":"4f02b8d80c39772e","msg":"Processing pageview: /projects/glisten"}
{"level":50,"time":"2025-06-11T12:06:06.333Z","pid":479405,"hostname":"mezieiv","name":"error-api","traceId":"a8532743706abd704b64df26449dd8ff","spanId":"bca8aaa638711697","msg":"Client error received"}
{"level":50,"time":"2025-06-11T12:06:10.021Z","pid":479405,"hostname":"mezieiv","name":"error-api","traceId":"4bb3b5c6947c124d3a489dcb847d3654","spanId":"c377a7923e7251f7","msg":"Client error received"}
{"level":50,"time":"2025-06-11T12:06:12.122Z","pid":479405,"hostname":"mezieiv","name":"error-api","traceId":"8e4b54ae0236346684b99611f41282e5","spanId":"b3716b13c65c2ec1","msg":"Client error received"}
{"level":50,"time":"2025-06-11T12:06:21.374Z","pid":479405,"hostname":"mezieiv","name":"error-api","traceId":"5de3a5f01e2dc0ec0b6ae4911301c20c","spanId":"6f11d18efb0f0ef4","msg":"Client error received"}
{"level":50,"time":"2025-06-11T12:06:29.073Z","pid":479405,"hostname":"mezieiv","name":"error-api","traceId":"4f4d968f73a8cb705fa94cc66227069c","spanId":"34f3e113c80d3990","msg":"Client error received"}
{"level":50,"time":"2025-06-11T12:12:41.104Z","pid":479405,"hostname":"mezieiv","name":"error-api","traceId":"f4abde4e71531184c5db3880496623fb","spanId":"f3bd333f3a824a2c","msg":"Client error received"}
{"level":50,"time":"2025-06-11T12:12:41.234Z","pid":479405,"hostname":"mezieiv","name":"error-api","traceId":"0b743b4b834f85dab770c27ec298e3ed","spanId":"58ef84aadd8afa3b","msg":"Client error received"}
{"level":50,"time":"2025-06-11T12:12:48.115Z","pid":479405,"hostname":"mezieiv","name":"error-api","traceId":"536de0bbe8c3b6bdee2a88ab6755bec3","spanId":"bbe4fa4a637899de","msg":"Client error received"}
{"level":30,"time":"2025-06-11T12:15:19.359Z","pid":479405,"hostname":"mezieiv","name":"error-api","traceId":"cd70a5548d9384b344f80808f6798e7e","spanId":"0ec7c1d6db2cc44c","msg":"Processing pageview: /projects/glisten"}
{"level":50,"time":"2025-06-11T12:17:19.590Z","pid":479405,"hostname":"mezieiv","name":"error-api","traceId":"0c0822a275155fa1eb064524d1627e9e","spanId":"7d4dc6d15cc8d85b","msg":"Client error received"}
{"level":50,"time":"2025-06-11T12:17:25.307Z","pid":479405,"hostname":"mezieiv","name":"error-api","traceId":"fd0ad0b5b9bf406cda783d3d705f8c27","spanId":"1e5eb285ac87243b","msg":"Client error received"}
{"level":50,"time":"2025-06-11T12:17:27.659Z","pid":479405,"hostname":"mezieiv","name":"error-api","traceId":"5f8c5625fba51dbe95f82863c85ca54c","spanId":"4f1750e79782feec","msg":"Client error received"}
{"level":50,"time":"2025-06-11T12:18:01.306Z","pid":479405,"hostname":"mezieiv","name":"error-api","traceId":"52d6ad5179f3db405874e6e6b01e7323","spanId":"acdc00b79a005fad","msg":"Client error received"}
{"level":30,"time":"2025-06-11T12:19:38.286Z","pid":479405,"hostname":"mezieiv","name":"error-api","traceId":"a127f4097b2ae32009dba3a79ce395dc","spanId":"c73887d831a2c6af","msg":"Processing pageview: /projects/glisten"}
{"level":30,"time":"2025-06-11T12:20:23.913Z","pid":479405,"hostname":"mezieiv","name":"error-api","traceId":"e0bcb81af1b1327fd072238243a976c4","spanId":"644b8444981eb0da","msg":"Processing pageview: /projects/glisten"}
{"level":30,"time":"2025-06-11T12:24:11.217Z","pid":479405,"hostname":"mezieiv","name":"error-api","traceId":"0a96a7cd8a8c3dafc25f32845412ca39","spanId":"3ad8f07ea8e6bf09","msg":"Processing pageview: /projects/glisten"}
{"level":30,"time":"2025-06-11T12:24:34.837Z","pid":479405,"hostname":"mezieiv","name":"error-api","traceId":"ff016ea3de4488811fb5967d6de45158","spanId":"0a05ddd5df6c412d","msg":"Processing pageview: /projects/glisten"}
{"level":30,"time":"2025-06-11T12:25:03.420Z","pid":479405,"hostname":"mezieiv","name":"error-api","traceId":"88cc0a6bffa4f4936e594a321ed39f1e","spanId":"fc0a46cf9965fbd1","msg":"Processing pageview: /projects/glisten"}
{"level":30,"time":"2025-06-11T12:25:34.052Z","pid":479405,"hostname":"mezieiv","name":"error-api","traceId":"3eee9ed922332dcada7c4f8d3d5eb58a","spanId":"e33524b4b410b94e","msg":"Processing pageview: /projects/glisten"}
{"level":30,"time":"2025-06-11T12:26:05.856Z","pid":479405,"hostname":"mezieiv","name":"error-api","traceId":"777b062072648d825dc434b14c58f4c7","spanId":"707e600c5f2a6671","msg":"Processing pageview: /projects/glisten"}
{"level":30,"time":"2025-06-11T12:29:33.101Z","pid":479405,"hostname":"mezieiv","name":"error-api","traceId":"deb291c9c7426dd6b343b35544b39661","spanId":"ebecbf78c14f668d","msg":"Processing pageview: /projects/glisten"}
{"level":30,"time":"2025-06-11T12:50:16.719Z","pid":479405,"hostname":"mezieiv","name":"telemetry-collector","msg":"Received termination signal, shutting down telemetry"}
{"level":20,"time":"2025-06-11T12:50:46.517Z","pid":560146,"hostname":"mezieiv","name":"telemetry-collector","msg":"Resource attributes"}
{"level":30,"time":"2025-06-11T12:50:46.539Z","pid":560146,"hostname":"mezieiv","name":"telemetry-collector","msg":"OpenTelemetry SDK initialized on http://localhost:9464/metrics"}
{"level":30,"time":"2025-06-11T12:50:56.043Z","pid":560146,"hostname":"mezieiv","name":"error-api","traceId":"c60dc596982943202e7c32e0c4a36ee5","spanId":"f4be3087efa23854","msg":"Processing pageview: /projects/glisten"}
{"level":50,"time":"2025-06-11T12:55:51.900Z","pid":560146,"hostname":"mezieiv","name":"error-api","traceId":"d26059c3697e64b0417455f4278e241f","spanId":"bdb3400097189267","msg":"Client error received"}
{"level":50,"time":"2025-06-11T12:55:54.853Z","pid":560146,"hostname":"mezieiv","name":"error-api","traceId":"7358511fa2611fda606791624ca4a51d","spanId":"694d2a60906b5d1e","msg":"Client error received"}
{"level":50,"time":"2025-06-11T12:55:59.516Z","pid":560146,"hostname":"mezieiv","name":"error-api","traceId":"c065e90625f36a89576fdf65c7cba36a","spanId":"38bf3280e41285a9","msg":"Client error received"}
{"level":50,"time":"2025-06-11T12:56:00.265Z","pid":560146,"hostname":"mezieiv","name":"error-api","traceId":"cdb9f821f0137b6b2a377c2f78075b44","spanId":"1ad904b50f831aff","msg":"Client error received"}
{"level":30,"time":"2025-06-11T12:56:04.355Z","pid":560146,"hostname":"mezieiv","name":"error-api","traceId":"45583a2e86be4745bd8f52fcbadfbd03","spanId":"552cea7149f13e1e","msg":"Processing pageview: /projects/glisten"}
{"time":"2025-06-11T13:00:00Z","level":"info","message":"Test log","project_id":"a14c89f2-f96b-49aa-b53a-06a86420e626"}
{"level":30,"time":"2025-06-11T13:05:06.216Z","pid":560146,"hostname":"mezieiv","name":"error-api","traceId":"84b4f308d2814e8577421a42ff48c6b5","spanId":"20810e26aad6f86f","msg":"Processing pageview: /projects/glisten"}
{"level":30,"time":"2025-06-11T13:05:33.323Z","pid":560146,"hostname":"mezieiv","name":"error-api","traceId":"5104f212f5a4f5002573c903754e2b4b","spanId":"2a614c36801ec454","msg":"Processing pageview: /projects/glisten"}
{"level":30,"time":"2025-06-11T13:11:13.822Z","pid":560146,"hostname":"mezieiv","name":"error-api","traceId":"828ca9d8e97a4d3b334be4b1a97176e6","spanId":"d2f2689caef0f0fd","msg":"Processing pageview: /projects/glisten"}
{"level":30,"time":"2025-06-11T13:25:09.161Z","pid":560146,"hostname":"mezieiv","name":"error-api","traceId":"01518618ecb6b5dd33076fbd0a35dbab","spanId":"9f35c0600fbea59c","msg":"Processing pageview: /projects/glisten"}
{"level":30,"time":"2025-06-11T13:25:37.150Z","pid":560146,"hostname":"mezieiv","name":"error-api","traceId":"4f5a3a8d641f29ff259eb81df49f156a","spanId":"e4a2bd4595ba6749","msg":"Processing pageview: /projects/glisten"}
{"level":30,"time":"2025-06-11T13:44:41.301Z","pid":560146,"hostname":"mezieiv","name":"error-api","traceId":"be32ebf88e55a714939ebb470ed66e26","spanId":"f09a76f565bfe8db","msg":"Processing pageview: /projects/glisten"}
{"level":30,"time":"2025-06-11T13:45:54.827Z","pid":560146,"hostname":"mezieiv","name":"error-api","traceId":"47210cbe295b9d13d39f117b18e9dbc4","spanId":"a6acbfb6cbe712fa","msg":"Processing pageview: /projects/glisten"}
{"level":30,"time":"2025-06-11T13:53:59.830Z","pid":560146,"hostname":"mezieiv","name":"error-api","traceId":"9ab0ab5f234652778f445c6d1193b77b","spanId":"b2822774753e4cb8","msg":"Processing pageview: /projects/glisten"}
{"level":30,"time":"2025-06-11T13:55:27.074Z","pid":560146,"hostname":"mezieiv","name":"error-api","traceId":"638c37861c6f4aa2a8df67ae3e253115","spanId":"b960971fd949e989","msg":"Processing pageview: /projects/glisten"}
{"level":30,"time":"2025-06-11T13:55:50.031Z","pid":560146,"hostname":"mezieiv","name":"error-api","traceId":"598ef47917c8dfbe925e2bb8dc530cb3","spanId":"366640b6d32f0c2c","msg":"Processing pageview: /projects/glisten"}
{"level":30,"time":"2025-06-11T15:11:35.168Z","pid":560146,"hostname":"mezieiv","name":"error-api","traceId":"139c44bb6d46406cc7dad57202a48950","spanId":"b025204874746811","msg":"Processing pageview: /projects/glisten"}
{"level":30,"time":"2025-06-11T15:11:41.928Z","pid":560146,"hostname":"mezieiv","name":"error-api","traceId":"03d0f7fd20f15c7a35ecf22d4491aca3","spanId":"3bbcecdcc6502d84","msg":"Processing pageview: /projects/glisten"}
{"level":30,"time":"2025-06-11T15:26:48.530Z","pid":560146,"hostname":"mezieiv","name":"error-api","traceId":"e3513578a294865ec031e103657d880f","spanId":"4d8229b8883f3398","msg":"Processing pageview: /projects/glisten"}
{"level":30,"time":"2025-06-11T15:26:52.054Z","pid":560146,"hostname":"mezieiv","name":"error-api","traceId":"e54ee0f5bf11b3b5e6e2f7798c567dab","spanId":"469d2221d2c0c9ac","msg":"Processing pageview: /projects/glisten"}
{"level":30,"time":"2025-06-11T15:26:55.008Z","pid":560146,"hostname":"mezieiv","name":"error-api","traceId":"eca22278fe62261ec794f7aac5864df8","spanId":"740b3cc111873059","msg":"Processing pageview: /projects/glisten"}
{"level":30,"time":"2025-06-11T15:28:35.255Z","pid":560146,"hostname":"mezieiv","name":"error-api","traceId":"d4bece0852819cd71aced7393e138cec","spanId":"1aef3122c7aa4f82","msg":"Processing pageview: /projects/glisten"}
{"level":30,"time":"2025-06-11T15:30:11.948Z","pid":560146,"hostname":"mezieiv","name":"error-api","traceId":"7a511e8ec01187936ff855ab0811fef1","spanId":"269514780cd37d54","msg":"Processing pageview: /projects/glisten"}
{"level":30,"time":"2025-06-11T15:30:59.027Z","pid":560146,"hostname":"mezieiv","name":"error-api","traceId":"13325fc0f93dcb2a5dbce36fc000acc9","spanId":"fd5ef656ed50fff8","msg":"Processing pageview: /projects/glisten"}
{"level":30,"time":"2025-06-11T15:32:30.583Z","pid":560146,"hostname":"mezieiv","name":"error-api","traceId":"5d8a0223bd48b3b5ceac8a2efc76711f","spanId":"e77c3b8b4c9f0244","msg":"Processing pageview: /projects/glisten"}
{"level":30,"time":"2025-06-11T15:33:04.698Z","pid":560146,"hostname":"mezieiv","name":"error-api","traceId":"50640ca3c5bb7b8f0109cd29913bacab","spanId":"cbdc7c2244edb58c","msg":"Processing pageview: /projects/glisten"}
{"level":30,"time":"2025-06-11T15:33:06.835Z","pid":560146,"hostname":"mezieiv","name":"error-api","traceId":"963f28e3d95f20d5b7d8c1f1371018b3","spanId":"fb7a5e2660a0beb8","msg":"Processing pageview: /projects/glisten"}
{"level":30,"time":"2025-06-11T15:34:27.412Z","pid":560146,"hostname":"mezieiv","name":"error-api","traceId":"96f41525590263521a9251aa6523864d","spanId":"4e4d9bda8e66a86d","msg":"Processing pageview: /projects/glisten"}
{"level":30,"time":"2025-06-11T15:34:28.600Z","pid":560146,"hostname":"mezieiv","name":"error-api","traceId":"02c3cbb5c94602c3f958ea65e21ccfa4","spanId":"486a47578b9f980d","msg":"Processing pageview: /projects/glisten"}
{"level":30,"time":"2025-06-11T15:37:33.811Z","pid":560146,"hostname":"mezieiv","name":"error-api","traceId":"c58de0bd09771d5bd646603580bd54bf","spanId":"27f9c3ddb0a5330a","msg":"Processing pageview: /projects/glisten"}
{"level":30,"time":"2025-06-11T15:37:53.137Z","pid":560146,"hostname":"mezieiv","name":"error-api","traceId":"4cae7f7cbace570ea3129aaac025edb3","spanId":"ca3193bd2b042742","msg":"Processing pageview: /projects/glisten"}
{"level":30,"time":"2025-06-11T15:38:10.745Z","pid":560146,"hostname":"mezieiv","name":"error-api","traceId":"a41aeefb5e3a37d6c47c7e7c62b8a5f1","spanId":"ae313dc39b934944","msg":"Processing pageview: /projects/glisten"}
{"level":30,"time":"2025-06-11T15:43:58.407Z","pid":560146,"hostname":"mezieiv","name":"error-api","traceId":"28df31ab3c3c368701136c2bf18c8799","spanId":"38f66a036249bb72","msg":"Processing pageview: /projects/glisten"}
{"level":30,"time":"2025-06-11T15:44:01.531Z","pid":560146,"hostname":"mezieiv","name":"error-api","traceId":"a3dc6ce1ac770fdc4c7c3087f62c362c","spanId":"758faa7e8b33a233","msg":"Processing pageview: /projects/glisten"}
{"level":30,"time":"2025-06-11T16:44:12.284Z","pid":560146,"hostname":"mezieiv","name":"error-api","traceId":"2ce2036a09b03a1c3258ce2edce497ce","spanId":"69ac768bb80387e5","msg":"Processing pageview: /projects/glisten"}
{"level":30,"time":"2025-06-11T16:44:39.931Z","pid":560146,"hostname":"mezieiv","name":"error-api","traceId":"912f05c0b78bbdea03a2504a96b56c45","spanId":"a7294f0446cd6761","msg":"Processing pageview: /projects/nextjs-tutorial"}
{"level":30,"time":"2025-06-11T16:44:52.897Z","pid":560146,"hostname":"mezieiv","name":"error-api","traceId":"2e95f45708924bfe7d7e7eb6bc717393","spanId":"632e26f667c3af4d","msg":"Processing pageview: /projects/glisten"}
{"level":30,"time":"2025-06-11T17:36:38.665Z","pid":560146,"hostname":"mezieiv","name":"telemetry-collector","msg":"Received termination signal, shutting down telemetry"}
{"level":20,"time":"2025-06-11T17:37:23.510Z","pid":929010,"hostname":"mezieiv","name":"telemetry-collector","msg":"Resource attributes"}
{"level":30,"time":"2025-06-11T17:37:23.539Z","pid":929010,"hostname":"mezieiv","name":"telemetry-collector","msg":"OpenTelemetry SDK initialized on http://localhost:9464/metrics"}
{"level":30,"time":"2025-06-11T17:37:48.241Z","pid":929010,"hostname":"mezieiv","name":"error-api","traceId":"1d6e3a28749fe8f64a36ddbb793f448f","spanId":"684187b2512fadc3","msg":"Processing pageview: /"}
{"level":30,"time":"2025-06-11T17:37:59.036Z","pid":929010,"hostname":"mezieiv","name":"error-api","traceId":"21a6aa5be5b245433a8c2dfd9bdfce89","spanId":"bd88668db5c58952","msg":"Processing pageview: /projects"}
{"level":30,"time":"2025-06-11T20:01:42.387Z","pid":929010,"hostname":"mezieiv","name":"telemetry-collector","msg":"Received termination signal, shutting down telemetry"}
{"level":20,"time":"2025-06-11T21:18:52.263Z","pid":1005725,"hostname":"mezieiv","name":"telemetry-collector","msg":"Resource attributes"}
{"level":30,"time":"2025-06-11T21:18:52.286Z","pid":1005725,"hostname":"mezieiv","name":"telemetry-collector","msg":"OpenTelemetry SDK initialized on http://localhost:9464/metrics"}
{"level":30,"time":"2025-06-11T21:19:08.062Z","pid":1005725,"hostname":"mezieiv","name":"error-api","traceId":"0d431e21f07dfa106416b732426363ac","spanId":"18d2d05183a06d19","msg":"Processing pageview: /projects/glisten"}
{"level":30,"time":"2025-06-11T21:39:05.957Z","pid":1005725,"hostname":"mezieiv","name":"error-api","traceId":"c18a3a3745dd8cc380744cee188a19ba","spanId":"3b412be72e23877c","msg":"Processing pageview: /settings"}
{"level":30,"time":"2025-06-11T21:39:36.849Z","pid":1005725,"hostname":"mezieiv","name":"error-api","traceId":"4c270532dab52118b083204c12eb02f1","spanId":"6e4f50d4143306ae","msg":"Processing pageview: /settings"}
{"level":30,"time":"2025-06-11T21:40:43.805Z","pid":1005725,"hostname":"mezieiv","name":"error-api","traceId":"83336bda6e45f676f368bc3c90829e1b","spanId":"61ae4655282c438e","msg":"Processing pageview: /settings"}
{"level":30,"time":"2025-06-11T21:40:53.030Z","pid":1005725,"hostname":"mezieiv","name":"error-api","traceId":"9cff75ea9588be60e9fba1c1b9d4038b","spanId":"1f958566224ce55c","msg":"Processing pageview: /settings"}
{"level":30,"time":"2025-06-11T21:59:56.184Z","pid":1005725,"hostname":"mezieiv","name":"error-api","traceId":"9af130c2e3a6ee58d3033d543fd2161e","spanId":"85da4b20c1de9e8d","msg":"Processing pageview: /settings"}
{"level":30,"time":"2025-06-11T22:07:38.243Z","pid":1005725,"hostname":"mezieiv","name":"error-api","traceId":"7762f90197eb9f90b18a58d9175d4462","spanId":"d1c68a41bbdc122e","msg":"Processing pageview: /settings"}
{"level":30,"time":"2025-06-11T22:09:13.841Z","pid":1005725,"hostname":"mezieiv","name":"error-api","traceId":"0fdb39fd9f2283179293aa04a3ecfb5c","spanId":"f90e53b713283c83","msg":"Processing pageview: /settings"}
{"level":50,"time":"2025-06-11T22:09:18.523Z","pid":1005725,"hostname":"mezieiv","name":"error-api","traceId":"379b0c89ba5b6b09c5f13e9085742ff5","spanId":"7e1b7e886802ffe6","msg":"Client error received"}
{"level":50,"time":"2025-06-11T22:09:18.558Z","pid":1005725,"hostname":"mezieiv","name":"error-api","traceId":"21dc9b0f9184c6de622bdfa46413492f","spanId":"08182ba505ce4c11","msg":"Client error received"}
{"level":50,"time":"2025-06-11T22:09:18.572Z","pid":1005725,"hostname":"mezieiv","name":"error-api","traceId":"24c53975ee98b3016ede0549421e4184","spanId":"033519d494d61976","msg":"Client error received"}
{"level":50,"time":"2025-06-11T22:09:18.965Z","pid":1005725,"hostname":"mezieiv","name":"error-api","traceId":"339acd8ca8b84499e7e65cf93d6404e4","spanId":"fb1a7dcd616aec25","msg":"Client error received"}
{"level":50,"time":"2025-06-11T22:09:18.978Z","pid":1005725,"hostname":"mezieiv","name":"error-api","traceId":"20e6dbb045558cea53ae9a6c2ab91878","spanId":"a5becb64c5ca4662","msg":"Client error received"}
{"level":50,"time":"2025-06-11T22:09:18.985Z","pid":1005725,"hostname":"mezieiv","name":"error-api","traceId":"c716ac5cb6a0e343edbc4f387c99084f","spanId":"c260eb53656236f1","msg":"Client error received"}
{"level":50,"time":"2025-06-11T22:09:20.859Z","pid":1005725,"hostname":"mezieiv","name":"error-api","traceId":"ccad9c96a9ae4ca02cfa9493f3f56ced","spanId":"d2f49da3e9e11694","msg":"Client error received"}
{"level":50,"time":"2025-06-11T22:09:20.872Z","pid":1005725,"hostname":"mezieiv","name":"error-api","traceId":"7541cb5610d36b8165025e01407fa06b","spanId":"ceba92354dce2bc4","msg":"Client error received"}
{"level":50,"time":"2025-06-11T22:09:20.881Z","pid":1005725,"hostname":"mezieiv","name":"error-api","traceId":"dbd17d2cfe9cb076ecac8793225bea60","spanId":"c8dcb45ef67fe5a6","msg":"Client error received"}
{"level":50,"time":"2025-06-11T22:09:22.674Z","pid":1005725,"hostname":"mezieiv","name":"error-api","traceId":"c2c07facdf570933b0dcb75afeeaf322","spanId":"1da5a8ace4a91992","msg":"Client error received"}
{"level":50,"time":"2025-06-11T22:09:22.690Z","pid":1005725,"hostname":"mezieiv","name":"error-api","traceId":"39dc4897a9e53ecc2d217d7a873ff207","spanId":"7a3dca9816d9b6f5","msg":"Client error received"}
{"level":50,"time":"2025-06-11T22:09:22.707Z","pid":1005725,"hostname":"mezieiv","name":"error-api","traceId":"087a66380e988d74827bab092064c759","spanId":"394d82713b48cde6","msg":"Client error received"}
